<?xml version="1.0" encoding="UTF-8"?>
<testng-results skipped="0" failed="0" ignored="0" total="2" passed="2">
  <reporter-output>
  </reporter-output>
  <suite name="qumu.RunnerTest" duration-ms="647" started-at="2022-03-30T14:25:56 BST" finished-at="2022-03-30T14:25:57 BST">
    <groups>
      <group name="cucumber">
        <method signature="RunnerTest.feature(cucumber.api.testng.CucumberFeatureWrapper)[pri:0, instance:qumu.RunnerTest@6e0e048a]" name="feature" class="qumu.RunnerTest"/>
      </group> <!-- cucumber -->
    </groups>
    <test name="Command line test" duration-ms="647" started-at="2022-03-30T14:25:56 BST" finished-at="2022-03-30T14:25:57 BST">
      <class name="qumu.RunnerTest">
        <test-method status="PASS" signature="setUpClass()[pri:0, instance:qumu.RunnerTest@6e0e048a]" name="setUpClass" is-config="true" duration-ms="185" started-at="2022-03-30T14:25:56 BST" finished-at="2022-03-30T14:25:56 BST">
          <reporter-output>
          </reporter-output>
        </test-method> <!-- setUpClass -->
        <test-method status="PASS" signature="feature(cucumber.api.testng.CucumberFeatureWrapper)[pri:0, instance:qumu.RunnerTest@6e0e048a]" name="feature" duration-ms="149" started-at="2022-03-30T14:25:56 BST" description="Runs Cucumber Feature" data-provider="features" finished-at="2022-03-30T14:25:57 BST">
          <params>
            <param index="0">
              <value>
                <![CDATA[API test]]>
              </value>
            </param>
          </params>
          <reporter-output>
          </reporter-output>
        </test-method> <!-- feature -->
        <test-method status="PASS" signature="feature(cucumber.api.testng.CucumberFeatureWrapper)[pri:0, instance:qumu.RunnerTest@6e0e048a]" name="feature" duration-ms="0" started-at="2022-03-30T14:25:57 BST" description="Runs Cucumber Feature" data-provider="features" finished-at="2022-03-30T14:25:57 BST">
          <params>
            <param index="0">
              <value>
                <![CDATA[Checkout items in the basket]]>
              </value>
            </param>
          </params>
          <reporter-output>
          </reporter-output>
        </test-method> <!-- feature -->
        <test-method status="PASS" signature="tearDownClass()[pri:0, instance:qumu.RunnerTest@6e0e048a]" name="tearDownClass" is-config="true" duration-ms="147" started-at="2022-03-30T14:25:57 BST" finished-at="2022-03-30T14:25:57 BST">
          <reporter-output>
          </reporter-output>
        </test-method> <!-- tearDownClass -->
      </class> <!-- qumu.RunnerTest -->
    </test> <!-- Command line test -->
  </suite> <!-- qumu.RunnerTest -->
</testng-results>
